{
"contracts\\MockERC20.sol":{"l":{"10":4},"path":"C:\\Users\\Fede\\Desktop\\ether.js\\contracts\\MockERC20.sol","s":{"1":4},"b":{},"f":{"1":2,"2":4},"fnMap":{"1":{"name":"constructor","line":7,"loc":{"start":{"line":7,"column":4},"end":{"line":7,"column":79}}},"2":{"name":"mint","line":9,"loc":{"start":{"line":9,"column":4},"end":{"line":11,"column":4}}}},"statementMap":{"1":{"start":{"line":10,"column":8},"end":{"line":10,"column":24}}},"branchMap":{}},
"contracts\\SimpleSwap.sol":{"l":{"43":4,"46":4,"84":1,"86":1,"87":1,"89":1,"90":1,"91":1,"92":1,"94":0,"96":0,"97":0,"98":0,"99":0,"101":0,"103":0,"104":0,"105":0,"108":0,"114":1,"116":1,"117":1,"119":1,"120":1,"121":1,"123":1,"125":1,"153":1,"154":1,"156":1,"157":1,"159":1,"160":1,"162":1,"163":1,"165":1,"166":1,"167":1,"169":1,"171":1,"172":1,"174":1,"196":2,"197":1,"199":1,"200":1,"201":1,"203":1,"204":1,"206":1,"207":1,"209":1,"210":1,"212":1,"213":1,"230":1,"231":1,"232":1,"237":1,"256":1,"260":1},"path":"C:\\Users\\Fede\\Desktop\\ether.js\\contracts\\SimpleSwap.sol","s":{"1":4,"2":4,"3":1,"4":1,"5":1,"6":1,"7":0,"8":0,"9":0,"10":0,"11":0,"12":1,"13":1,"14":1,"15":1,"16":1,"17":1,"18":1,"19":1,"20":1,"21":1,"22":1,"23":1,"24":1,"25":1,"26":1,"27":2,"28":1,"29":1,"30":1,"31":1,"32":1,"33":1,"34":1,"35":1,"36":1,"37":1,"38":1,"39":1,"40":1,"41":1},"b":{"1":[4,0],"2":[1,0],"3":[1,0],"4":[0,0],"5":[0,0],"6":[0,0],"7":[1,0],"8":[1,0],"9":[1,0],"10":[1,0],"11":[1,0],"12":[1,1],"13":[1,0],"14":[1,0],"15":[1,0],"16":[1,0],"17":[1,0]},"f":{"1":1,"2":4,"3":1,"4":1,"5":2,"6":1,"7":1},"fnMap":{"1":{"name":"constructor","line":30,"loc":{"start":{"line":30,"column":4},"end":{"line":30,"column":52}}},"2":{"name":"_pairHash","line":38,"loc":{"start":{"line":38,"column":4},"end":{"line":47,"column":4}}},"3":{"name":"addLiquidity","line":67,"loc":{"start":{"line":67,"column":4},"end":{"line":126,"column":4}}},"4":{"name":"removeLiquidity","line":144,"loc":{"start":{"line":144,"column":4},"end":{"line":175,"column":4}}},"5":{"name":"swapExactTokensForTokens","line":189,"loc":{"start":{"line":189,"column":4},"end":{"line":214,"column":4}}},"6":{"name":"getPrice","line":225,"loc":{"start":{"line":225,"column":4},"end":{"line":238,"column":4}}},"7":{"name":"getAmountOut","line":251,"loc":{"start":{"line":251,"column":4},"end":{"line":261,"column":4}}}},"statementMap":{"1":{"start":{"line":43,"column":8},"end":{"line":43,"column":1528}},"2":{"start":{"line":46,"column":8},"end":{"line":46,"column":54}},"3":{"start":{"line":84,"column":8},"end":{"line":84,"column":66}},"4":{"start":{"line":86,"column":8},"end":{"line":86,"column":50}},"5":{"start":{"line":87,"column":8},"end":{"line":87,"column":54}},"6":{"start":{"line":89,"column":8},"end":{"line":89,"column":3079}},"7":{"start":{"line":94,"column":12},"end":{"line":94,"column":79}},"8":{"start":{"line":96,"column":12},"end":{"line":96,"column":3379}},"9":{"start":{"line":97,"column":16},"end":{"line":97,"column":72}},"10":{"start":{"line":101,"column":16},"end":{"line":101,"column":3637}},"11":{"start":{"line":103,"column":16},"end":{"line":103,"column":72}},"12":{"start":{"line":114,"column":8},"end":{"line":114,"column":57}},"13":{"start":{"line":116,"column":8},"end":{"line":116,"column":74}},"14":{"start":{"line":117,"column":8},"end":{"line":117,"column":74}},"15":{"start":{"line":123,"column":8},"end":{"line":123,"column":27}},"16":{"start":{"line":125,"column":8},"end":{"line":125,"column":52}},"17":{"start":{"line":153,"column":8},"end":{"line":153,"column":66}},"18":{"start":{"line":154,"column":8},"end":{"line":154,"column":74}},"19":{"start":{"line":156,"column":8},"end":{"line":156,"column":50}},"20":{"start":{"line":157,"column":8},"end":{"line":157,"column":54}},"21":{"start":{"line":162,"column":8},"end":{"line":162,"column":67}},"22":{"start":{"line":163,"column":8},"end":{"line":163,"column":67}},"23":{"start":{"line":169,"column":8},"end":{"line":169,"column":35}},"24":{"start":{"line":171,"column":8},"end":{"line":171,"column":47}},"25":{"start":{"line":172,"column":8},"end":{"line":172,"column":47}},"26":{"start":{"line":174,"column":8},"end":{"line":174,"column":41}},"27":{"start":{"line":196,"column":8},"end":{"line":196,"column":66}},"28":{"start":{"line":197,"column":8},"end":{"line":197,"column":69}},"29":{"start":{"line":199,"column":8},"end":{"line":199,"column":52}},"30":{"start":{"line":200,"column":8},"end":{"line":200,"column":54}},"31":{"start":{"line":201,"column":8},"end":{"line":201,"column":65}},"32":{"start":{"line":203,"column":8},"end":{"line":203,"column":41}},"33":{"start":{"line":204,"column":8},"end":{"line":204,"column":42}},"34":{"start":{"line":206,"column":8},"end":{"line":206,"column":76}},"35":{"start":{"line":207,"column":8},"end":{"line":207,"column":62}},"36":{"start":{"line":209,"column":8},"end":{"line":209,"column":72}},"37":{"start":{"line":210,"column":8},"end":{"line":210,"column":49}},"38":{"start":{"line":230,"column":8},"end":{"line":230,"column":50}},"39":{"start":{"line":231,"column":8},"end":{"line":231,"column":54}},"40":{"start":{"line":232,"column":8},"end":{"line":232,"column":8461}},"41":{"start":{"line":256,"column":8},"end":{"line":256,"column":9216}}},"branchMap":{"1":{"line":44,"type":"if","locations":[{"start":{"line":44,"column":14},"end":{"line":44,"column":29}},{"start":{"line":45,"column":14},"end":{"line":45,"column":29}}]},"2":{"line":84,"type":"if","locations":[{"start":{"line":84,"column":8},"end":{"line":84,"column":8}},{"start":{"line":84,"column":8},"end":{"line":84,"column":8}}]},"3":{"line":89,"type":"if","locations":[{"start":{"line":89,"column":8},"end":{"line":89,"column":8}},{"start":{"line":89,"column":8},"end":{"line":89,"column":8}}]},"4":{"line":96,"type":"if","locations":[{"start":{"line":96,"column":12},"end":{"line":96,"column":12}},{"start":{"line":96,"column":12},"end":{"line":96,"column":12}}]},"5":{"line":97,"type":"if","locations":[{"start":{"line":97,"column":16},"end":{"line":97,"column":16}},{"start":{"line":97,"column":16},"end":{"line":97,"column":16}}]},"6":{"line":103,"type":"if","locations":[{"start":{"line":103,"column":16},"end":{"line":103,"column":16}},{"start":{"line":103,"column":16},"end":{"line":103,"column":16}}]},"7":{"line":114,"type":"if","locations":[{"start":{"line":114,"column":8},"end":{"line":114,"column":8}},{"start":{"line":114,"column":8},"end":{"line":114,"column":8}}]},"8":{"line":153,"type":"if","locations":[{"start":{"line":153,"column":8},"end":{"line":153,"column":8}},{"start":{"line":153,"column":8},"end":{"line":153,"column":8}}]},"9":{"line":154,"type":"if","locations":[{"start":{"line":154,"column":8},"end":{"line":154,"column":8}},{"start":{"line":154,"column":8},"end":{"line":154,"column":8}}]},"10":{"line":162,"type":"if","locations":[{"start":{"line":162,"column":8},"end":{"line":162,"column":8}},{"start":{"line":162,"column":8},"end":{"line":162,"column":8}}]},"11":{"line":163,"type":"if","locations":[{"start":{"line":163,"column":8},"end":{"line":163,"column":8}},{"start":{"line":163,"column":8},"end":{"line":163,"column":8}}]},"12":{"line":196,"type":"if","locations":[{"start":{"line":196,"column":8},"end":{"line":196,"column":8}},{"start":{"line":196,"column":8},"end":{"line":196,"column":8}}]},"13":{"line":197,"type":"if","locations":[{"start":{"line":197,"column":8},"end":{"line":197,"column":8}},{"start":{"line":197,"column":8},"end":{"line":197,"column":8}}]},"14":{"line":201,"type":"if","locations":[{"start":{"line":201,"column":8},"end":{"line":201,"column":8}},{"start":{"line":201,"column":8},"end":{"line":201,"column":8}}]},"15":{"line":207,"type":"if","locations":[{"start":{"line":207,"column":8},"end":{"line":207,"column":8}},{"start":{"line":207,"column":8},"end":{"line":207,"column":8}}]},"16":{"line":232,"type":"if","locations":[{"start":{"line":232,"column":8},"end":{"line":232,"column":8}},{"start":{"line":232,"column":8},"end":{"line":232,"column":8}}]},"17":{"line":256,"type":"if","locations":[{"start":{"line":256,"column":8},"end":{"line":256,"column":8}},{"start":{"line":256,"column":8},"end":{"line":256,"column":8}}]}}}}
