TN:
SF:C:\Users\Fede\Desktop\ether.js\contracts\MockERC20.sol
FN:7,constructor
FN:9,mint
FNF:2
FNH:2
FNDA:2,constructor
FNDA:4,mint
DA:10,4
LF:1
LH:1
BRF:0
BRH:0
end_of_record
TN:
SF:C:\Users\Fede\Desktop\ether.js\contracts\SimpleSwap.sol
FN:30,constructor
FN:38,_pairHash
FN:67,addLiquidity
FN:144,removeLiquidity
FN:189,swapExactTokensForTokens
FN:225,getPrice
FN:251,getAmountOut
FNF:7
FNH:7
FNDA:1,constructor
FNDA:4,_pairHash
FNDA:1,addLiquidity
FNDA:1,removeLiquidity
FNDA:2,swapExactTokensForTokens
FNDA:1,getPrice
FNDA:1,getAmountOut
DA:43,4
DA:46,4
DA:84,1
DA:86,1
DA:87,1
DA:89,1
DA:90,1
DA:91,1
DA:92,1
DA:94,0
DA:96,0
DA:97,0
DA:98,0
DA:99,0
DA:101,0
DA:103,0
DA:104,0
DA:105,0
DA:108,0
DA:114,1
DA:116,1
DA:117,1
DA:119,1
DA:120,1
DA:121,1
DA:123,1
DA:125,1
DA:153,1
DA:154,1
DA:156,1
DA:157,1
DA:159,1
DA:160,1
DA:162,1
DA:163,1
DA:165,1
DA:166,1
DA:167,1
DA:169,1
DA:171,1
DA:172,1
DA:174,1
DA:196,2
DA:197,1
DA:199,1
DA:200,1
DA:201,1
DA:203,1
DA:204,1
DA:206,1
DA:207,1
DA:209,1
DA:210,1
DA:212,1
DA:213,1
DA:230,1
DA:231,1
DA:232,1
DA:237,1
DA:256,1
DA:260,1
LF:61
LH:51
BRDA:44,1,0,4
BRDA:44,1,1,0
BRDA:84,2,0,1
BRDA:84,2,1,0
BRDA:89,3,0,1
BRDA:89,3,1,0
BRDA:96,4,0,0
BRDA:96,4,1,0
BRDA:97,5,0,0
BRDA:97,5,1,0
BRDA:103,6,0,0
BRDA:103,6,1,0
BRDA:114,7,0,1
BRDA:114,7,1,0
BRDA:153,8,0,1
BRDA:153,8,1,0
BRDA:154,9,0,1
BRDA:154,9,1,0
BRDA:162,10,0,1
BRDA:162,10,1,0
BRDA:163,11,0,1
BRDA:163,11,1,0
BRDA:196,12,0,1
BRDA:196,12,1,1
BRDA:197,13,0,1
BRDA:197,13,1,0
BRDA:201,14,0,1
BRDA:201,14,1,0
BRDA:207,15,0,1
BRDA:207,15,1,0
BRDA:232,16,0,1
BRDA:232,16,1,0
BRDA:256,17,0,1
BRDA:256,17,1,0
BRF:34
BRH:15
end_of_record
